<?xml version="1.0" encoding="UTF-8"?>
<!-- Generated by org.testng.reporters.JUnitReportReporter -->
<testsuite hostname="Active34" failures="0" tests="1" name="TextExecution.createlistingExecutionclass" time="38.144" errors="0" timestamp="2025-10-30T12:17:55 IST" skipped="0">
  <testcase classname="TextExecution.createlistingExecutionclass" name="createlistingpage" time="38.144"/>
</testsuite> <!-- TextExecution.createlistingExecutionclass -->
