<?xml version="1.0" encoding="UTF-8"?>
<!-- Generated by org.testng.reporters.JUnitReportReporter -->
<testsuite hostname="Active34" failures="0" tests="4" name="TextExecution.negotiationhomepageExecutionclass" time="13.151" errors="0" timestamp="2025-10-30T15:54:54 IST" skipped="3">
  <testcase classname="TextExecution.negotiationhomepageExecutionclass" name="participatedallstatusdropdownfunctionality" time="13.151"/>
  <testcase classname="TextExecution.negotiationhomepageExecutionclass" name="mylistingsearchfunctionality">
    <skipped/>
  </testcase> <!-- mylistingsearchfunctionality -->
  <testcase classname="TextExecution.negotiationhomepageExecutionclass" name="mylistingallstatusdropdownfunctionality">
    <skipped/>
  </testcase> <!-- mylistingallstatusdropdownfunctionality -->
  <testcase classname="TextExecution.negotiationhomepageExecutionclass" name="participatedsearchfunctionality">
    <skipped/>
  </testcase> <!-- participatedsearchfunctionality -->
</testsuite> <!-- TextExecution.negotiationhomepageExecutionclass -->
