<?xml version="1.0" encoding="UTF-8"?>
<!-- Generated by org.testng.reporters.JUnitReportReporter -->
<testsuite hostname="Active34" failures="0" tests="4" name="TextExecution.listinghomepageExecutionclass" time="16.076" errors="0" timestamp="2025-10-31T08:44:28 IST" skipped="3">
  <testcase classname="TextExecution.listinghomepageExecutionclass" name="mylistingallstatusdropdownfunctionality" time="16.076"/>
  <testcase classname="TextExecution.listinghomepageExecutionclass" name="mylistingsearchfunctionality">
    <skipped/>
  </testcase> <!-- mylistingsearchfunctionality -->
  <testcase classname="TextExecution.listinghomepageExecutionclass" name="participatedsearchfunctionality">
    <skipped/>
  </testcase> <!-- participatedsearchfunctionality -->
  <testcase classname="TextExecution.listinghomepageExecutionclass" name="participatedallstatusdropdownfunctionality">
    <skipped/>
  </testcase> <!-- participatedallstatusdropdownfunctionality -->
</testsuite> <!-- TextExecution.listinghomepageExecutionclass -->
