<?xml version="1.0" encoding="UTF-8"?>
<!-- Generated by org.testng.reporters.JUnitReportReporter -->
<testsuite hostname="Active34" failures="0" tests="1" name="TextExecution.createbusinessprofileExecutionclass" time="46.542" errors="0" timestamp="2025-10-31T12:40:52 IST" skipped="0">
  <testcase classname="TextExecution.createbusinessprofileExecutionclass" name="createbusinessprofileExecutionclass" time="46.542"/>
</testsuite> <!-- TextExecution.createbusinessprofileExecutionclass -->
