<?xml version="1.0" encoding="UTF-8"?>
<!-- Generated by org.testng.reporters.JUnitReportReporter -->
<testsuite hostname="Active34" failures="0" tests="4" name="TextExecution.listinghomepageExecutionclass" time="37.552" errors="0" timestamp="2025-10-30T15:07:30 IST" skipped="3">
  <testcase classname="TextExecution.listinghomepageExecutionclass" name="participatedallstatusdropdownfunctionality" time="37.552"/>
  <testcase classname="TextExecution.listinghomepageExecutionclass" name="mylistingsearchfunctionality">
    <skipped/>
  </testcase> <!-- mylistingsearchfunctionality -->
  <testcase classname="TextExecution.listinghomepageExecutionclass" name="mylistingallstatusdropdownfunctionality">
    <skipped/>
  </testcase> <!-- mylistingallstatusdropdownfunctionality -->
  <testcase classname="TextExecution.listinghomepageExecutionclass" name="participatedsearchfunctionality">
    <skipped/>
  </testcase> <!-- participatedsearchfunctionality -->
</testsuite> <!-- TextExecution.listinghomepageExecutionclass -->
